<?xml version="1.0" encoding="UTF-8"?>
<!-- Generated by org.testng.reporters.JUnitXMLReporter -->
<testsuite hostname="LAPTOP-4787RIJ8" ignored="1" name="Default test(failed)" tests="1" failures="1" timestamp="2019-12-17T15:19:33 IST" time="39.943" errors="0">
  <testcase name="validatecreatenewcontactlink" time="0.182" classname="com.crm.testcase.Contacttestpage">
    <failure type="java.lang.NullPointerException">
      <![CDATA[java.lang.NullPointerException
at com.crm.testcase.Contacttestpage.validatecreatenewcontactlink(Contacttestpage.java:35)
at java.util.ArrayList.forEach(ArrayList.java:1257)
... Removed 27 stack frames]]>
    </failure>
  </testcase> <!-- validatecreatenewcontactlink -->
  <testcase name="navigate_to_contacts" time="0.0" classname="com.crm.testcase.Contacttestpage">
    <ignored/>
  </testcase> <!-- navigate_to_contacts -->
</testsuite> <!-- Default test(failed) -->
